  GameFramework.cpp
  C:\Program Files (x86)\Microsoft DirectX SDK (June 2010)\Include\dinput.h: DIRECTINPUT_VERSION undefined. Defaulting to version 0x0800
D:\Come_back_home\Come_back_home\CTrapManager.h(2,1): warning C4005:  'PAYLOAD_MAX': 매크로 재정의
D:\Come_back_home\Come_back_home\CPayloadManager.h(2): message :  'PAYLOAD_MAX'의 이전 정의를 참조하십시오.
D:\Come_back_home\Come_back_home\GameFramework.cpp(86,26): warning C4244:  '=': 'float'에서 'UINT'(으)로 변환하면서 데이터가 손실될 수 있습니다.
D:\Come_back_home\Come_back_home\GameFramework.cpp(87,27): warning C4244:  '=': 'float'에서 'UINT'(으)로 변환하면서 데이터가 손실될 수 있습니다.
D:\Come_back_home\Come_back_home\GameFramework.cpp(211,31): warning C4244:  '=': 'ULONGLONG'에서 'DWORD'(으)로 변환하면서 데이터가 손실될 수 있습니다.
D:\Come_back_home\Come_back_home\GameFramework.cpp(256,9): warning C4244:  '인수': 'int'에서 'float'(으)로 변환하면서 데이터가 손실될 수 있습니다.
D:\Come_back_home\Come_back_home\GameFramework.cpp(330,31): warning C4244:  '인수': 'double'에서 'FLOAT'(으)로 변환하면서 데이터가 손실될 수 있습니다.
D:\Come_back_home\Come_back_home\GameFramework.cpp(391,19): warning C4244:  '초기화 중': 'ULONGLONG'에서 'DWORD'(으)로 변환하면서 데이터가 손실될 수 있습니다.
D:\Come_back_home\Come_back_home\GameFramework.cpp(558,33): warning C4244:  '=': 'ULONGLONG'에서 'DWORD'(으)로 변환하면서 데이터가 손실될 수 있습니다.
D:\Come_back_home\Come_back_home\GameFramework.cpp(571,17): warning C4244:  '초기화 중': 'ULONGLONG'에서 'int'(으)로 변환하면서 데이터가 손실될 수 있습니다.
D:\Come_back_home\Come_back_home\GameFramework.cpp(655,30): warning C4244:  '인수': 'float'에서 'int'(으)로 변환하면서 데이터가 손실될 수 있습니다.
D:\Come_back_home\Come_back_home\GameFramework.cpp(726,31): warning C4244:  '인수': 'float'에서 'int'(으)로 변환하면서 데이터가 손실될 수 있습니다.
D:\Come_back_home\Come_back_home\GameFramework.cpp(753,19): warning C4244:  '초기화 중': 'float'에서 'int'(으)로 변환하면서 데이터가 손실될 수 있습니다.
D:\Come_back_home\Come_back_home\GameFramework.cpp(754,16): warning C4244:  '초기화 중': 'float'에서 'int'(으)로 변환하면서 데이터가 손실될 수 있습니다.
D:\Come_back_home\Come_back_home\GameFramework.cpp(759,39): warning C4244:  '=': 'ULONGLONG'에서 'float'(으)로 변환하면서 데이터가 손실될 수 있습니다.
D:\Come_back_home\Come_back_home\GameFramework.cpp(772,51): warning C4244:  '인수': 'double'에서 'FLOAT'(으)로 변환하면서 데이터가 손실될 수 있습니다.
D:\Come_back_home\Come_back_home\GameFramework.cpp(775,36): warning C4244:  '=': 'ULONGLONG'에서 'float'(으)로 변환하면서 데이터가 손실될 수 있습니다.
D:\Come_back_home\Come_back_home\GameFramework.cpp(784,38): warning C4244:  '=': 'ULONGLONG'에서 'float'(으)로 변환하면서 데이터가 손실될 수 있습니다.
D:\Come_back_home\Come_back_home\GameFramework.cpp(846,38): warning C4244:  '=': 'ULONGLONG'에서 'float'(으)로 변환하면서 데이터가 손실될 수 있습니다.
D:\Come_back_home\Come_back_home\GameFramework.cpp(847,38): warning C4244:  '=': 'ULONGLONG'에서 'float'(으)로 변환하면서 데이터가 손실될 수 있습니다.
  코드를 생성하고 있습니다.
  2 of 133 functions ( 1.5%) were compiled, the rest were copied from previous compilation.
    0 functions were new in current compilation
    2 functions had inline decision re-evaluated but remain unchanged
  코드를 생성했습니다.
  Come_back_home.vcxproj -> D:\Come_back_home\Release\Come_back_home.exe
